<?xml version="1.0" encoding="UTF-8"?>
<!-- Generated by org.testng.reporters.JUnitReportReporter -->
<testsuite name="core.TMTest" tests="4" time="0.030" ignored="0" failures="0" timestamp="25 Jan 2017 08:03:24 GMT" skipped="0" hostname="DmitryFRAMEWORK" errors="0">
  <testcase name="test" time="0.004" classname="core.TMTest"/>
  <testcase name="test" time="0.009" classname="core.TMTest"/>
  <testcase name="test" time="0.004" classname="core.TMTest"/>
  <testcase name="test" time="0.013" classname="core.TMTest"/>
</testsuite> <!-- core.TMTest -->
